Gear_Trs
Mode_Trs
Trq_CUT
ignition
L12V_error
alarm
controller_ready
selfcheck
RPM
trq
AC_current
DC_current
MCU_Temp
motor_Temp
MCFR_ActualVelocity
MCFR_DCVoltage
MCFR_bDCOn
MCFR_bError
MCFR_bInverterOn
MCFR_bQuitInverterOn
MCFR_bSystemReady
MCFR_TempIGBT
MCFR_TempInverter
MCFR_TempMotor
MCFR_ErrorInfo
MCFL_ActualVelocity
MCFL_DCVoltage
MCFL_bDCOn
MCFL_bError
MCFL_bInverterOn
MCFL_bQuitDCOn
MCFL_bQuitInverterOn
MCFL_bSystemReady
MCFL_TempIGBT
MCFL_TempInverter
MCFL_TempMotor
MCFL_ErrorInfo
IMU_Ax_Value
Acc_vol
Acc_vol2
Acc_POS1
Acc_POS2
F_BrkPrs
HVCUTOFF
beeper_state
