VehCtrlMdel240926_2018b_amksp_B.VCUEnable
Gear_Trs
Mode_Trs
AMKFL_Current
AMKFR_Current
Trq_CUT
AMKSWITCH
ignition
L12V_error
alarm
controller_ready
selfcheck
RPM
trq
AC_current
DC_current
MCU_Temp
motor_Temp
voltage
MCFR_ActualTorque
MCFR_ActualVelocity
MCFR_DCVoltage
MCFR_bDCOn
MCFR_bError
MCFR_bInverterOn
MCFR_bQuitInverterOn
MCFR_bSystemReady
MCFR_TempIGBT
MCFR_TempInverter
MCFR_TempMotor
MCFR_ErrorInfo
MCFL_ActualTorque
MCFL_DCVoltage
MCFL_bDCOn
MCFL_bError
MCFL_bInverterOn
MCFL_bQuitDCOn
MCFL_bQuitInverterOn
MCFL_bSystemReady
MCFL_ActualVelocity
MCFL_TempIGBT
MCFL_TempInverter
MCFL_TempMotor
MCFL_ErrorInfo
StrWhlAngAliveRollCnt
StrWhlAng
StrWhlAngV
ABS_WS_FL
ABS_WS_FR
ABS_WS_RL
ABS_WS_RR
IMU_Ay_Value
IMU_Ax_Value
IMU_Yaw_Value
EMRAX_Trq_CUT
AMK_Trq_CUT
Acc_vol2
Acc_vol
Acc_POS
Acc_POS2
VehVxEst_mps
AMKTrqFR_cmd
AMKTrqFL_cmd
EmraxTrqR_cmd
F_BrkPrs
Acc1
Acc2
Brk1
Brk2
VCU2BMS
KeyPressed
Brk
ACC_Release
beeper_state
MCFL_DCOn_setpoints
MCFR_DCEnable
MCFR_InverterOn
TroqueOn
TrqR_cmd_raw
Trq_CUT_final
